IOR-3.1.0: MPI Coordinated Test of Parallel I/O

Began: Tue May 29 18:32:56 2018
Command line used: /home/alty/ior-icc/bin/ior -a POSIX -w -B -t 10m -b 40g -o /tmp/testFile
Machine: Linux athena04

Test 0 started: Tue May 29 18:32:56 2018
Summary:
	api                = POSIX
	test filename      = /tmp/testFile
	access             = single-shared-file
	ordering in a file = sequential offsets
	ordering inter file= no tasks offsets
	clients            = 1 (1 per node)
	repetitions        = 1
	xfersize           = 10 MiB
	blocksize          = 40 GiB
	aggregate filesize = 40 GiB

access    bw(MiB/s)  block(KiB) xfer(KiB)  open(s)    wr/rd(s)   close(s)   total(s)   iter
------    ---------  ---------- ---------  --------   --------   --------   --------   ----
write     106.54     41943040   10240      0.000081   384.46     0.000026   384.46     0   
remove    -          -          -          -          -          -          0.000558   0   

Max Write: 106.54 MiB/sec (111.71 MB/sec)

Summary of all tests:
Operation   Max(MiB)   Min(MiB)  Mean(MiB)     StdDev   Max(OPs)   Min(OPs)  Mean(OPs)     StdDev    Mean(s) Test# #Tasks tPN reps fPP reord reordoff reordrand seed segcnt blksiz xsize aggsize API RefNum
write         106.54     106.54     106.54       0.00      10.65      10.65      10.65       0.00  384.46420 0 1 1 1 0 0 1 0 0 1 42949672960 10485760 42949672960 POSIX 0

Finished: Tue May 29 18:39:21 2018
