IOR-3.1.0: MPI Coordinated Test of Parallel I/O

Began: Mon May 28 23:36:14 2018
Command line used: /home/alty/ior-icc/bin/ior -a POSIX -w -B -t 10m -b 40g -o /tmp/testFile
Machine: Linux athena05

Test 0 started: Mon May 28 23:36:14 2018
Summary:
	api                = POSIX
	test filename      = /tmp/testFile
	access             = single-shared-file
	ordering in a file = sequential offsets
	ordering inter file= no tasks offsets
	clients            = 1 (1 per node)
	repetitions        = 1
	xfersize           = 10 MiB
	blocksize          = 40 GiB
	aggregate filesize = 40 GiB

access    bw(MiB/s)  block(KiB) xfer(KiB)  open(s)    wr/rd(s)   close(s)   total(s)   iter
------    ---------  ---------- ---------  --------   --------   --------   --------   ----
write     108.44     41943040   10240      0.000058   377.71     0.000073   377.71     0   
remove    -          -          -          -          -          -          0.000384   0   

Max Write: 108.44 MiB/sec (113.71 MB/sec)

Summary of all tests:
Operation   Max(MiB)   Min(MiB)  Mean(MiB)     StdDev   Max(OPs)   Min(OPs)  Mean(OPs)     StdDev    Mean(s) Test# #Tasks tPN reps fPP reord reordoff reordrand seed segcnt blksiz xsize aggsize API RefNum
write         108.44     108.44     108.44       0.00      10.84      10.84      10.84       0.00  377.70858 0 1 1 1 0 0 1 0 0 1 42949672960 10485760 42949672960 POSIX 0

Finished: Mon May 28 23:42:32 2018
