IOR-3.1.0: MPI Coordinated Test of Parallel I/O

Began: Tue May 29 17:52:51 2018
Command line used: /home/alty/ior-icc/bin/ior -a POSIX -w -B -t 5m -b 10g -o /tmp/testFile
Machine: Linux athena07

Test 0 started: Tue May 29 17:52:51 2018
Summary:
	api                = POSIX
	test filename      = /tmp/testFile
	access             = single-shared-file
	ordering in a file = sequential offsets
	ordering inter file= no tasks offsets
	clients            = 1 (1 per node)
	repetitions        = 1
	xfersize           = 5 MiB
	blocksize          = 10 GiB
	aggregate filesize = 10 GiB

access    bw(MiB/s)  block(KiB) xfer(KiB)  open(s)    wr/rd(s)   close(s)   total(s)   iter
------    ---------  ---------- ---------  --------   --------   --------   --------   ----
write     27.83      10485760   5120       0.000075   367.97     0.000015   367.97     0   
remove    -          -          -          -          -          -          0.000096   0   

Max Write: 27.83 MiB/sec (29.18 MB/sec)

Summary of all tests:
Operation   Max(MiB)   Min(MiB)  Mean(MiB)     StdDev   Max(OPs)   Min(OPs)  Mean(OPs)     StdDev    Mean(s) Test# #Tasks tPN reps fPP reord reordoff reordrand seed segcnt blksiz xsize aggsize API RefNum
write          27.83      27.83      27.83       0.00       5.57       5.57       5.57       0.00  367.97330 0 1 1 1 0 0 1 0 0 1 10737418240 5242880 10737418240 POSIX 0

Finished: Tue May 29 17:58:59 2018
