IOR-3.1.0: MPI Coordinated Test of Parallel I/O

Began: Wed May 30 20:47:58 2018
Command line used: /home/alty/ior-icc/bin/ior -a POSIX -w -B -t 1m -b 10g -o /tmp/testFile
Machine: Linux athena09

Test 0 started: Wed May 30 20:47:58 2018
Summary:
	api                = POSIX
	test filename      = /tmp/testFile
	access             = single-shared-file
	ordering in a file = sequential offsets
	ordering inter file= no tasks offsets
	clients            = 1 (1 per node)
	repetitions        = 1
	xfersize           = 1 MiB
	blocksize          = 10 GiB
	aggregate filesize = 10 GiB

access    bw(MiB/s)  block(KiB) xfer(KiB)  open(s)    wr/rd(s)   close(s)   total(s)   iter
------    ---------  ---------- ---------  --------   --------   --------   --------   ----
srun: Job step aborted: Waiting up to 32 seconds for job step to finish.
slurmstepd: error: *** JOB 409 ON athena09 CANCELLED AT 2018-05-30T21:16:20 ***
slurmstepd: error: *** STEP 409.0 ON athena09 CANCELLED AT 2018-05-30T21:16:20 ***
