IOR-3.1.0: MPI Coordinated Test of Parallel I/O

Began: Tue May 29 18:02:54 2018
Command line used: /home/alty/ior-icc/bin/ior -a POSIX -w -B -t 1m -b 20g -o /tmp/testFile
Machine: Linux athena08

Test 0 started: Tue May 29 18:02:54 2018
Summary:
	api                = POSIX
	test filename      = /tmp/testFile
	access             = single-shared-file
	ordering in a file = sequential offsets
	ordering inter file= no tasks offsets
	clients            = 1 (1 per node)
	repetitions        = 1
	xfersize           = 1 MiB
	blocksize          = 20 GiB
	aggregate filesize = 20 GiB

access    bw(MiB/s)  block(KiB) xfer(KiB)  open(s)    wr/rd(s)   close(s)   total(s)   iter
------    ---------  ---------- ---------  --------   --------   --------   --------   ----
write     26.12      20971520   1024.00    0.000069   784.20     0.000026   784.20     0   
remove    -          -          -          -          -          -          0.000161   0   

Max Write: 26.12 MiB/sec (27.38 MB/sec)

Summary of all tests:
Operation   Max(MiB)   Min(MiB)  Mean(MiB)     StdDev   Max(OPs)   Min(OPs)  Mean(OPs)     StdDev    Mean(s) Test# #Tasks tPN reps fPP reord reordoff reordrand seed segcnt blksiz xsize aggsize API RefNum
write          26.12      26.12      26.12       0.00      26.12      26.12      26.12       0.00  784.19793 0 1 1 1 0 0 1 0 0 1 21474836480 1048576 21474836480 POSIX 0

Finished: Tue May 29 18:15:58 2018
