IOR-3.1.0: MPI Coordinated Test of Parallel I/O

Began: Tue May 29 18:03:27 2018
Command line used: /home/alty/ior-icc/bin/ior -a POSIX -w -B -t 5m -b 40g -o /tmp/testFile
Machine: Linux athena10

Test 0 started: Tue May 29 18:03:27 2018
Summary:
	api                = POSIX
	test filename      = /tmp/testFile
	access             = single-shared-file
	ordering in a file = sequential offsets
	ordering inter file= no tasks offsets
	clients            = 1 (1 per node)
	repetitions        = 1
	xfersize           = 5 MiB
	blocksize          = 40 GiB
	aggregate filesize = 40 GiB

access    bw(MiB/s)  block(KiB) xfer(KiB)  open(s)    wr/rd(s)   close(s)   total(s)   iter
------    ---------  ---------- ---------  --------   --------   --------   --------   ----
write     107.39     41943040   5120       0.000073   381.41     0.000026   381.41     0   
remove    -          -          -          -          -          -          0.000653   0   

Max Write: 107.39 MiB/sec (112.61 MB/sec)

Summary of all tests:
Operation   Max(MiB)   Min(MiB)  Mean(MiB)     StdDev   Max(OPs)   Min(OPs)  Mean(OPs)     StdDev    Mean(s) Test# #Tasks tPN reps fPP reord reordoff reordrand seed segcnt blksiz xsize aggsize API RefNum
write         107.39     107.39     107.39       0.00      21.48      21.48      21.48       0.00  381.41351 0 1 1 1 0 0 1 0 0 1 42949672960 5242880 42949672960 POSIX 0

Finished: Tue May 29 18:09:48 2018
