IOR-3.1.0: MPI Coordinated Test of Parallel I/O

Began: Tue May 29 19:02:51 2018
Command line used: /home/alty/ior-icc/bin/ior -a POSIX -w -B -t 3m -b 30g -o /tmp/testFile
Machine: Linux athena03

Test 0 started: Tue May 29 19:02:51 2018
Summary:
	api                = POSIX
	test filename      = /tmp/testFile
	access             = single-shared-file
	ordering in a file = sequential offsets
	ordering inter file= no tasks offsets
	clients            = 1 (1 per node)
	repetitions        = 1
	xfersize           = 3 MiB
	blocksize          = 30 GiB
	aggregate filesize = 30 GiB

access    bw(MiB/s)  block(KiB) xfer(KiB)  open(s)    wr/rd(s)   close(s)   total(s)   iter
------    ---------  ---------- ---------  --------   --------   --------   --------   ----
write     94.07      31457280   3072.00    0.000074   326.57     0.000100   326.57     0   
remove    -          -          -          -          -          -          0.000151   0   

Max Write: 94.07 MiB/sec (98.64 MB/sec)

Summary of all tests:
Operation   Max(MiB)   Min(MiB)  Mean(MiB)     StdDev   Max(OPs)   Min(OPs)  Mean(OPs)     StdDev    Mean(s) Test# #Tasks tPN reps fPP reord reordoff reordrand seed segcnt blksiz xsize aggsize API RefNum
write          94.07      94.07      94.07       0.00      31.36      31.36      31.36       0.00  326.56995 0 1 1 1 0 0 1 0 0 1 32212254720 3145728 32212254720 POSIX 0

Finished: Tue May 29 19:08:17 2018
