IOR-3.1.0: MPI Coordinated Test of Parallel I/O

Began: Tue May 29 19:32:51 2018
Command line used: /home/alty/ior-icc/bin/ior -a POSIX -w -B -t 1m -b 30g -o /tmp/testFile
Machine: Linux athena10

Test 0 started: Tue May 29 19:32:51 2018
Summary:
	api                = POSIX
	test filename      = /tmp/testFile
	access             = single-shared-file
	ordering in a file = sequential offsets
	ordering inter file= no tasks offsets
	clients            = 1 (1 per node)
	repetitions        = 1
	xfersize           = 1 MiB
	blocksize          = 30 GiB
	aggregate filesize = 30 GiB

access    bw(MiB/s)  block(KiB) xfer(KiB)  open(s)    wr/rd(s)   close(s)   total(s)   iter
------    ---------  ---------- ---------  --------   --------   --------   --------   ----
write     103.26     31457280   1024.00    0.000059   297.51     0.000080   297.51     0   
remove    -          -          -          -          -          -          0.000200   0   

Max Write: 103.26 MiB/sec (108.27 MB/sec)

Summary of all tests:
Operation   Max(MiB)   Min(MiB)  Mean(MiB)     StdDev   Max(OPs)   Min(OPs)  Mean(OPs)     StdDev    Mean(s) Test# #Tasks tPN reps fPP reord reordoff reordrand seed segcnt blksiz xsize aggsize API RefNum
write         103.26     103.26     103.26       0.00     103.26     103.26     103.26       0.00  297.50603 0 1 1 1 0 0 1 0 0 1 32212254720 1048576 32212254720 POSIX 0

Finished: Tue May 29 19:37:48 2018
