IOR-3.1.0: MPI Coordinated Test of Parallel I/O

Began: Tue May 29 17:52:50 2018
Command line used: /home/alty/ior-icc/bin/ior -a POSIX -w -B -t 5m -b 10g -o /tmp/testFile
Machine: Linux athena02

Test 0 started: Tue May 29 17:52:50 2018
Summary:
	api                = POSIX
	test filename      = /tmp/testFile
	access             = single-shared-file
	ordering in a file = sequential offsets
	ordering inter file= no tasks offsets
	clients            = 1 (1 per node)
	repetitions        = 1
	xfersize           = 5 MiB
	blocksize          = 10 GiB
	aggregate filesize = 10 GiB

access    bw(MiB/s)  block(KiB) xfer(KiB)  open(s)    wr/rd(s)   close(s)   total(s)   iter
------    ---------  ---------- ---------  --------   --------   --------   --------   ----
write     112.45     10485760   5120       0.000078   91.06      0.000011   91.06      0   
remove    -          -          -          -          -          -          0.000176   0   

Max Write: 112.45 MiB/sec (117.92 MB/sec)

Summary of all tests:
Operation   Max(MiB)   Min(MiB)  Mean(MiB)     StdDev   Max(OPs)   Min(OPs)  Mean(OPs)     StdDev    Mean(s) Test# #Tasks tPN reps fPP reord reordoff reordrand seed segcnt blksiz xsize aggsize API RefNum
write         112.45     112.45     112.45       0.00      22.49      22.49      22.49       0.00   91.05959 0 1 1 1 0 0 1 0 0 1 10737418240 5242880 10737418240 POSIX 0

Finished: Tue May 29 17:54:21 2018
