IOR-3.1.0: MPI Coordinated Test of Parallel I/O

Began: Tue May 29 17:22:08 2018
Command line used: /home/alty/ior-icc/bin/ior -a POSIX -w -B -t 10m -b 20g -o /tmp/testFile
Machine: Linux athena04

Test 0 started: Tue May 29 17:22:08 2018
Summary:
	api                = POSIX
	test filename      = /tmp/testFile
	access             = single-shared-file
	ordering in a file = sequential offsets
	ordering inter file= no tasks offsets
	clients            = 1 (1 per node)
	repetitions        = 1
	xfersize           = 10 MiB
	blocksize          = 20 GiB
	aggregate filesize = 20 GiB

access    bw(MiB/s)  block(KiB) xfer(KiB)  open(s)    wr/rd(s)   close(s)   total(s)   iter
------    ---------  ---------- ---------  --------   --------   --------   --------   ----
write     107.15     20971520   10240      0.000081   191.12     0.000072   191.13     0   
remove    -          -          -          -          -          -          0.000140   0   

Max Write: 107.15 MiB/sec (112.36 MB/sec)

Summary of all tests:
Operation   Max(MiB)   Min(MiB)  Mean(MiB)     StdDev   Max(OPs)   Min(OPs)  Mean(OPs)     StdDev    Mean(s) Test# #Tasks tPN reps fPP reord reordoff reordrand seed segcnt blksiz xsize aggsize API RefNum
write         107.15     107.15     107.15       0.00      10.72      10.72      10.72       0.00  191.12510 0 1 1 1 0 0 1 0 0 1 21474836480 10485760 21474836480 POSIX 0

Finished: Tue May 29 17:25:19 2018
