IOR-3.1.0: MPI Coordinated Test of Parallel I/O

Began: Tue May 29 19:15:46 2018
Command line used: /home/alty/ior-icc/bin/ior -a POSIX -w -B -t 1m -b 30g -o /tmp/testFile
Machine: Linux athena12

Test 0 started: Tue May 29 19:15:46 2018
Summary:
	api                = POSIX
	test filename      = /tmp/testFile
	access             = single-shared-file
	ordering in a file = sequential offsets
	ordering inter file= no tasks offsets
	clients            = 1 (1 per node)
	repetitions        = 1
	xfersize           = 1 MiB
	blocksize          = 30 GiB
	aggregate filesize = 30 GiB

access    bw(MiB/s)  block(KiB) xfer(KiB)  open(s)    wr/rd(s)   close(s)   total(s)   iter
------    ---------  ---------- ---------  --------   --------   --------   --------   ----
write     57.31      31457280   1024.00    0.000082   535.99     0.000026   535.99     0   
remove    -          -          -          -          -          -          0.000161   0   

Max Write: 57.31 MiB/sec (60.10 MB/sec)

Summary of all tests:
Operation   Max(MiB)   Min(MiB)  Mean(MiB)     StdDev   Max(OPs)   Min(OPs)  Mean(OPs)     StdDev    Mean(s) Test# #Tasks tPN reps fPP reord reordoff reordrand seed segcnt blksiz xsize aggsize API RefNum
write          57.31      57.31      57.31       0.00      57.31      57.31      57.31       0.00  535.99139 0 1 1 1 0 0 1 0 0 1 32212254720 1048576 32212254720 POSIX 0

Finished: Tue May 29 19:24:42 2018
