IOR-3.1.0: MPI Coordinated Test of Parallel I/O

Began: Tue May 29 17:52:52 2018
Command line used: /home/alty/ior-icc/bin/ior -a POSIX -w -B -t 5m -b 10g -o /tmp/testFile
Machine: Linux athena09

Test 0 started: Tue May 29 17:52:52 2018
Summary:
	api                = POSIX
	test filename      = /tmp/testFile
	access             = single-shared-file
	ordering in a file = sequential offsets
	ordering inter file= no tasks offsets
	clients            = 1 (1 per node)
	repetitions        = 1
	xfersize           = 5 MiB
	blocksize          = 10 GiB
	aggregate filesize = 10 GiB

access    bw(MiB/s)  block(KiB) xfer(KiB)  open(s)    wr/rd(s)   close(s)   total(s)   iter
------    ---------  ---------- ---------  --------   --------   --------   --------   ----
write     7.36       10485760   5120       0.000073   1391.79    0.000014   1391.79    0   
remove    -          -          -          -          -          -          0.000115   0   

Max Write: 7.36 MiB/sec (7.71 MB/sec)

Summary of all tests:
Operation   Max(MiB)   Min(MiB)  Mean(MiB)     StdDev   Max(OPs)   Min(OPs)  Mean(OPs)     StdDev    Mean(s) Test# #Tasks tPN reps fPP reord reordoff reordrand seed segcnt blksiz xsize aggsize API RefNum
write           7.36       7.36       7.36       0.00       1.47       1.47       1.47       0.00 1391.79418 0 1 1 1 0 0 1 0 0 1 10737418240 5242880 10737418240 POSIX 0

Finished: Tue May 29 18:16:04 2018
