IOR-3.1.0: MPI Coordinated Test of Parallel I/O

Began: Tue May 29 18:02:52 2018
Command line used: /home/alty/ior-icc/bin/ior -a POSIX -w -B -t 10m -b 10g -o /tmp/testFile
Machine: Linux athena11

Test 0 started: Tue May 29 18:02:52 2018
Summary:
	api                = POSIX
	test filename      = /tmp/testFile
	access             = single-shared-file
	ordering in a file = sequential offsets
	ordering inter file= no tasks offsets
	clients            = 1 (1 per node)
	repetitions        = 1
	xfersize           = 10 MiB
	blocksize          = 10 GiB
	aggregate filesize = 10 GiB

access    bw(MiB/s)  block(KiB) xfer(KiB)  open(s)    wr/rd(s)   close(s)   total(s)   iter
------    ---------  ---------- ---------  --------   --------   --------   --------   ----
write     83.41      10485760   10240      0.000085   122.77     0.000014   122.77     0   
remove    -          -          -          -          -          -          0.000115   0   

Max Write: 83.41 MiB/sec (87.46 MB/sec)

Summary of all tests:
Operation   Max(MiB)   Min(MiB)  Mean(MiB)     StdDev   Max(OPs)   Min(OPs)  Mean(OPs)     StdDev    Mean(s) Test# #Tasks tPN reps fPP reord reordoff reordrand seed segcnt blksiz xsize aggsize API RefNum
write          83.41      83.41      83.41       0.00       8.34       8.34       8.34       0.00  122.77398 0 1 1 1 0 0 1 0 0 1 10737418240 10485760 10737418240 POSIX 0

Finished: Tue May 29 18:04:55 2018
