IOR-3.1.0: MPI Coordinated Test of Parallel I/O

Began: Tue May 29 17:52:51 2018
Command line used: /home/alty/ior-icc/bin/ior -a POSIX -w -B -t 10m -b 10g -o /tmp/testFile
Machine: Linux athena12

Test 0 started: Tue May 29 17:52:51 2018
Summary:
	api                = POSIX
	test filename      = /tmp/testFile
	access             = single-shared-file
	ordering in a file = sequential offsets
	ordering inter file= no tasks offsets
	clients            = 1 (1 per node)
	repetitions        = 1
	xfersize           = 10 MiB
	blocksize          = 10 GiB
	aggregate filesize = 10 GiB

access    bw(MiB/s)  block(KiB) xfer(KiB)  open(s)    wr/rd(s)   close(s)   total(s)   iter
------    ---------  ---------- ---------  --------   --------   --------   --------   ----
write     56.59      10485760   10240      0.000068   180.95     0.000013   180.95     0   
remove    -          -          -          -          -          -          0.000106   0   

Max Write: 56.59 MiB/sec (59.34 MB/sec)

Summary of all tests:
Operation   Max(MiB)   Min(MiB)  Mean(MiB)     StdDev   Max(OPs)   Min(OPs)  Mean(OPs)     StdDev    Mean(s) Test# #Tasks tPN reps fPP reord reordoff reordrand seed segcnt blksiz xsize aggsize API RefNum
write          56.59      56.59      56.59       0.00       5.66       5.66       5.66       0.00  180.94715 0 1 1 1 0 0 1 0 0 1 10737418240 10485760 10737418240 POSIX 0

Finished: Tue May 29 17:55:52 2018
