================================================================================
HPLinpack 2.2  --  High-Performance Linpack benchmark  --   February 24, 2016
Written by A. Petitet and R. Clint Whaley,  Innovative Computing Laboratory, UTK
Modified by Piotr Luszczek, Innovative Computing Laboratory, UTK
Modified by Julien Langou, University of Colorado Denver
================================================================================

An explanation of the input/output parameters follows:
T/V    : Wall time / encoded variant.
N      : The order of the coefficient matrix A.
NB     : The partitioning blocking factor.
P      : The number of process rows.
Q      : The number of process columns.
Time   : Time in seconds to solve the linear system.
Gflops : Rate of execution for solving the linear system.

The following parameter values will be used:

N      :   47232 
NB     :     164 
PMAP   : Column-major process mapping
P      :       4 
Q      :       3 
PFACT  :   Right 
NBMIN  :       2 
NDIV   :       2 
RFACT  :   Crout 
BCAST  :   1ring 
DEPTH  :       0 
SWAP   : Binary-exchange
L1     : no-transposed form
U      : no-transposed form
EQUIL  : no
ALIGN  : 8 double precision words

--------------------------------------------------------------------------------

- The matrix A is randomly generated for each test.
- The following scaled residual check will be computed:
      ||Ax-b||_oo / ( eps * ( || x ||_oo * || A ||_oo + || b ||_oo ) * N )
- The relative machine precision (eps) is taken to be               2.220446e-16
- Computational tests pass if scaled residuals are less than                16.0

srun: error: athena07: tasks 1,10: Killed
srun: error: athena07: task 4: Killed
srun: error: athena07: task 6: Killed
srun: error: athena07: task 3: Killed
slurmstepd: error: *** JOB 277 ON athena07 CANCELLED AT 2018-05-29T20:41:11 ***
srun: Job step aborted: Waiting up to 32 seconds for job step to finish.
slurmstepd: error: *** STEP 277.0 ON athena07 CANCELLED AT 2018-05-29T20:41:11 ***
