IOR-3.1.0: MPI Coordinated Test of Parallel I/O

Began: Tue May 29 19:08:25 2018
Command line used: /home/alty/ior-icc/bin/ior -a POSIX -w -B -t 10m -b 20g -o /tmp/testFile
Machine: Linux athena14

Test 0 started: Tue May 29 19:08:25 2018
Summary:
	api                = POSIX
	test filename      = /tmp/testFile
	access             = single-shared-file
	ordering in a file = sequential offsets
	ordering inter file= no tasks offsets
	clients            = 1 (1 per node)
	repetitions        = 1
	xfersize           = 10 MiB
	blocksize          = 20 GiB
	aggregate filesize = 20 GiB

access    bw(MiB/s)  block(KiB) xfer(KiB)  open(s)    wr/rd(s)   close(s)   total(s)   iter
------    ---------  ---------- ---------  --------   --------   --------   --------   ----
write     61.54      20971520   10240      0.000092   332.81     0.000077   332.81     0   
remove    -          -          -          -          -          -          0.000389   0   

Max Write: 61.54 MiB/sec (64.53 MB/sec)

Summary of all tests:
Operation   Max(MiB)   Min(MiB)  Mean(MiB)     StdDev   Max(OPs)   Min(OPs)  Mean(OPs)     StdDev    Mean(s) Test# #Tasks tPN reps fPP reord reordoff reordrand seed segcnt blksiz xsize aggsize API RefNum
write          61.54      61.54      61.54       0.00       6.15       6.15       6.15       0.00  332.81254 0 1 1 1 0 0 1 0 0 1 21474836480 10485760 21474836480 POSIX 0

Finished: Tue May 29 19:13:58 2018
