IOR-3.1.0: MPI Coordinated Test of Parallel I/O

Began: Sat May 26 16:16:02 2018
Command line used: /home/alty/ior-icc/bin/ior -a POSIX -w -B -t 1m -b 10g -o /tmp/testFile
Machine: Linux athena02

Test 0 started: Sat May 26 16:16:02 2018
Summary:
	api                = POSIX
	test filename      = /tmp/testFile
	access             = single-shared-file
	ordering in a file = sequential offsets
	ordering inter file= no tasks offsets
	clients            = 1 (1 per node)
	repetitions        = 1
	xfersize           = 1 MiB
	blocksize          = 10 GiB
	aggregate filesize = 10 GiB

access    bw(MiB/s)  block(KiB) xfer(KiB)  open(s)    wr/rd(s)   close(s)   total(s)   iter
------    ---------  ---------- ---------  --------   --------   --------   --------   ----
write     113.27     10485760   1024.00    0.000069   90.40      0.000011   90.40      0   
remove    -          -          -          -          -          -          0.000194   0   

Max Write: 113.27 MiB/sec (118.78 MB/sec)

Summary of all tests:
Operation   Max(MiB)   Min(MiB)  Mean(MiB)     StdDev   Max(OPs)   Min(OPs)  Mean(OPs)     StdDev    Mean(s) Test# #Tasks tPN reps fPP reord reordoff reordrand seed segcnt blksiz xsize aggsize API RefNum
write         113.27     113.27     113.27       0.00     113.27     113.27     113.27       0.00   90.39965 0 1 1 1 0 0 1 0 0 1 10737418240 1048576 10737418240 POSIX 0

Finished: Sat May 26 16:17:33 2018
