IOR-3.1.0: MPI Coordinated Test of Parallel I/O

Began: Tue May 29 18:13:59 2018
Command line used: /home/alty/ior-icc/bin/ior -a POSIX -w -B -t 3m -b 30g -o /tmp/testFile
Machine: Linux athena04

Test 0 started: Tue May 29 18:13:59 2018
Summary:
	api                = POSIX
	test filename      = /tmp/testFile
	access             = single-shared-file
	ordering in a file = sequential offsets
	ordering inter file= no tasks offsets
	clients            = 1 (1 per node)
	repetitions        = 1
	xfersize           = 3 MiB
	blocksize          = 30 GiB
	aggregate filesize = 30 GiB

access    bw(MiB/s)  block(KiB) xfer(KiB)  open(s)    wr/rd(s)   close(s)   total(s)   iter
------    ---------  ---------- ---------  --------   --------   --------   --------   ----
write     106.66     31457280   3072.00    0.000072   288.02     0.000027   288.02     0   
remove    -          -          -          -          -          -          0.000150   0   

Max Write: 106.66 MiB/sec (111.84 MB/sec)

Summary of all tests:
Operation   Max(MiB)   Min(MiB)  Mean(MiB)     StdDev   Max(OPs)   Min(OPs)  Mean(OPs)     StdDev    Mean(s) Test# #Tasks tPN reps fPP reord reordoff reordrand seed segcnt blksiz xsize aggsize API RefNum
write         106.66     106.66     106.66       0.00      35.55      35.55      35.55       0.00  288.01552 0 1 1 1 0 0 1 0 0 1 32212254720 3145728 32212254720 POSIX 0

Finished: Tue May 29 18:18:47 2018
