IOR-3.1.0: MPI Coordinated Test of Parallel I/O

Began: Tue May 29 18:23:32 2018
Command line used: /home/alty/ior-icc/bin/ior -a POSIX -w -B -t 10m -b 40g -o /tmp/testFile
Machine: Linux athena10

Test 0 started: Tue May 29 18:23:32 2018
Summary:
	api                = POSIX
	test filename      = /tmp/testFile
	access             = single-shared-file
	ordering in a file = sequential offsets
	ordering inter file= no tasks offsets
	clients            = 1 (1 per node)
	repetitions        = 1
	xfersize           = 10 MiB
	blocksize          = 40 GiB
	aggregate filesize = 40 GiB

access    bw(MiB/s)  block(KiB) xfer(KiB)  open(s)    wr/rd(s)   close(s)   total(s)   iter
------    ---------  ---------- ---------  --------   --------   --------   --------   ----
write     102.91     41943040   10240      0.000088   398.02     0.000075   398.02     0   
remove    -          -          -          -          -          -          0.000418   0   

Max Write: 102.91 MiB/sec (107.91 MB/sec)

Summary of all tests:
Operation   Max(MiB)   Min(MiB)  Mean(MiB)     StdDev   Max(OPs)   Min(OPs)  Mean(OPs)     StdDev    Mean(s) Test# #Tasks tPN reps fPP reord reordoff reordrand seed segcnt blksiz xsize aggsize API RefNum
write         102.91     102.91     102.91       0.00      10.29      10.29      10.29       0.00  398.01738 0 1 1 1 0 0 1 0 0 1 42949672960 10485760 42949672960 POSIX 0

Finished: Tue May 29 18:30:10 2018
