IOR-3.1.0: MPI Coordinated Test of Parallel I/O

Began: Tue May 29 18:47:05 2018
Command line used: /home/alty/ior-icc/bin/ior -a POSIX -w -B -t 10m -b 10g -o /tmp/testFile
Machine: Linux athena04

Test 0 started: Tue May 29 18:47:05 2018
Summary:
	api                = POSIX
	test filename      = /tmp/testFile
	access             = single-shared-file
	ordering in a file = sequential offsets
	ordering inter file= no tasks offsets
	clients            = 1 (1 per node)
	repetitions        = 1
	xfersize           = 10 MiB
	blocksize          = 10 GiB
	aggregate filesize = 10 GiB

access    bw(MiB/s)  block(KiB) xfer(KiB)  open(s)    wr/rd(s)   close(s)   total(s)   iter
------    ---------  ---------- ---------  --------   --------   --------   --------   ----
write     107.80     10485760   10240      0.000081   94.99      0.000036   94.99      0   
remove    -          -          -          -          -          -          0.000133   0   

Max Write: 107.80 MiB/sec (113.04 MB/sec)

Summary of all tests:
Operation   Max(MiB)   Min(MiB)  Mean(MiB)     StdDev   Max(OPs)   Min(OPs)  Mean(OPs)     StdDev    Mean(s) Test# #Tasks tPN reps fPP reord reordoff reordrand seed segcnt blksiz xsize aggsize API RefNum
write         107.80     107.80     107.80       0.00      10.78      10.78      10.78       0.00   94.98790 0 1 1 1 0 0 1 0 0 1 10737418240 10485760 10737418240 POSIX 0

Finished: Tue May 29 18:48:40 2018
