IOR-3.1.0: MPI Coordinated Test of Parallel I/O

Began: Wed May 30 20:47:59 2018
Command line used: /home/alty/ior-icc/bin/ior -a POSIX -w -B -t 1m -b 10g -o /tmp/testFile
Machine: Linux athena14

Test 0 started: Wed May 30 20:47:59 2018
Summary:
	api                = POSIX
	test filename      = /tmp/testFile
	access             = single-shared-file
	ordering in a file = sequential offsets
	ordering inter file= no tasks offsets
	clients            = 1 (1 per node)
	repetitions        = 1
	xfersize           = 1 MiB
	blocksize          = 10 GiB
	aggregate filesize = 10 GiB

access    bw(MiB/s)  block(KiB) xfer(KiB)  open(s)    wr/rd(s)   close(s)   total(s)   iter
------    ---------  ---------- ---------  --------   --------   --------   --------   ----
write     63.28      10485760   1024.00    0.000091   161.82     0.000014   161.82     0   
remove    -          -          -          -          -          -          0.000151   0   

Max Write: 63.28 MiB/sec (66.36 MB/sec)

Summary of all tests:
Operation   Max(MiB)   Min(MiB)  Mean(MiB)     StdDev   Max(OPs)   Min(OPs)  Mean(OPs)     StdDev    Mean(s) Test# #Tasks tPN reps fPP reord reordoff reordrand seed segcnt blksiz xsize aggsize API RefNum
write          63.28      63.28      63.28       0.00      63.28      63.28      63.28       0.00  161.81616 0 1 1 1 0 0 1 0 0 1 10737418240 1048576 10737418240 POSIX 0

Finished: Wed May 30 20:50:40 2018
