IOR-3.1.0: MPI Coordinated Test of Parallel I/O

Began: Mon May 28 23:25:24 2018
Command line used: /home/alty/ior-icc/bin/ior -a POSIX -w -B -t 10m -b 40g -o /tmp/testFile
Machine: Linux athena03

Test 0 started: Mon May 28 23:25:24 2018
Summary:
	api                = POSIX
	test filename      = /tmp/testFile
	access             = single-shared-file
	ordering in a file = sequential offsets
	ordering inter file= no tasks offsets
	clients            = 1 (1 per node)
	repetitions        = 1
	xfersize           = 10 MiB
	blocksize          = 40 GiB
	aggregate filesize = 40 GiB

access    bw(MiB/s)  block(KiB) xfer(KiB)  open(s)    wr/rd(s)   close(s)   total(s)   iter
------    ---------  ---------- ---------  --------   --------   --------   --------   ----
write     97.91      41943040   10240      0.000090   418.34     0.000080   418.34     0   
remove    -          -          -          -          -          -          0.000496   0   

Max Write: 97.91 MiB/sec (102.67 MB/sec)

Summary of all tests:
Operation   Max(MiB)   Min(MiB)  Mean(MiB)     StdDev   Max(OPs)   Min(OPs)  Mean(OPs)     StdDev    Mean(s) Test# #Tasks tPN reps fPP reord reordoff reordrand seed segcnt blksiz xsize aggsize API RefNum
write          97.91      97.91      97.91       0.00       9.79       9.79       9.79       0.00  418.33552 0 1 1 1 0 0 1 0 0 1 42949672960 10485760 42949672960 POSIX 0

Finished: Mon May 28 23:32:23 2018
