IOR-3.1.0: MPI Coordinated Test of Parallel I/O

Began: Tue May 29 17:52:51 2018
Command line used: /home/alty/ior-icc/bin/ior -a POSIX -w -B -t 1m -b 10g -o /tmp/testFile
Machine: Linux athena06

Test 0 started: Tue May 29 17:52:51 2018
Summary:
	api                = POSIX
	test filename      = /tmp/testFile
	access             = single-shared-file
	ordering in a file = sequential offsets
	ordering inter file= no tasks offsets
	clients            = 1 (1 per node)
	repetitions        = 1
	xfersize           = 1 MiB
	blocksize          = 10 GiB
	aggregate filesize = 10 GiB

access    bw(MiB/s)  block(KiB) xfer(KiB)  open(s)    wr/rd(s)   close(s)   total(s)   iter
------    ---------  ---------- ---------  --------   --------   --------   --------   ----
write     105.56     10485760   1024.00    0.000065   97.01      0.000014   97.01      0   
remove    -          -          -          -          -          -          0.000155   0   

Max Write: 105.56 MiB/sec (110.69 MB/sec)

Summary of all tests:
Operation   Max(MiB)   Min(MiB)  Mean(MiB)     StdDev   Max(OPs)   Min(OPs)  Mean(OPs)     StdDev    Mean(s) Test# #Tasks tPN reps fPP reord reordoff reordrand seed segcnt blksiz xsize aggsize API RefNum
write         105.56     105.56     105.56       0.00     105.56     105.56     105.56       0.00   97.00582 0 1 1 1 0 0 1 0 0 1 10737418240 1048576 10737418240 POSIX 0

Finished: Tue May 29 17:54:28 2018
