IOR-3.1.0: MPI Coordinated Test of Parallel I/O

Began: Tue May 29 18:24:23 2018
Command line used: /home/alty/ior-icc/bin/ior -a POSIX -w -B -t 1m -b 20g -o /tmp/testFile
Machine: Linux athena05

Test 0 started: Tue May 29 18:24:23 2018
Summary:
	api                = POSIX
	test filename      = /tmp/testFile
	access             = single-shared-file
	ordering in a file = sequential offsets
	ordering inter file= no tasks offsets
	clients            = 1 (1 per node)
	repetitions        = 1
	xfersize           = 1 MiB
	blocksize          = 20 GiB
	aggregate filesize = 20 GiB

access    bw(MiB/s)  block(KiB) xfer(KiB)  open(s)    wr/rd(s)   close(s)   total(s)   iter
------    ---------  ---------- ---------  --------   --------   --------   --------   ----
write     109.54     20971520   1024.00    0.000077   186.96     0.000079   186.96     0   
remove    -          -          -          -          -          -          0.000151   0   

Max Write: 109.54 MiB/sec (114.86 MB/sec)

Summary of all tests:
Operation   Max(MiB)   Min(MiB)  Mean(MiB)     StdDev   Max(OPs)   Min(OPs)  Mean(OPs)     StdDev    Mean(s) Test# #Tasks tPN reps fPP reord reordoff reordrand seed segcnt blksiz xsize aggsize API RefNum
write         109.54     109.54     109.54       0.00     109.54     109.54     109.54       0.00  186.96356 0 1 1 1 0 0 1 0 0 1 21474836480 1048576 21474836480 POSIX 0

Finished: Tue May 29 18:27:30 2018
