IOR-3.1.0: MPI Coordinated Test of Parallel I/O

Began: Tue May 29 17:23:07 2018
Command line used: /home/alty/ior-icc/bin/ior -a POSIX -w -B -t 5m -b 20g -o /tmp/testFile
Machine: Linux athena02

Test 0 started: Tue May 29 17:23:07 2018
Summary:
	api                = POSIX
	test filename      = /tmp/testFile
	access             = single-shared-file
	ordering in a file = sequential offsets
	ordering inter file= no tasks offsets
	clients            = 1 (1 per node)
	repetitions        = 1
	xfersize           = 5 MiB
	blocksize          = 20 GiB
	aggregate filesize = 20 GiB

access    bw(MiB/s)  block(KiB) xfer(KiB)  open(s)    wr/rd(s)   close(s)   total(s)   iter
------    ---------  ---------- ---------  --------   --------   --------   --------   ----
write     111.81     20971520   5120       0.000071   183.16     0.000074   183.16     0   
remove    -          -          -          -          -          -          0.000214   0   

Max Write: 111.81 MiB/sec (117.25 MB/sec)

Summary of all tests:
Operation   Max(MiB)   Min(MiB)  Mean(MiB)     StdDev   Max(OPs)   Min(OPs)  Mean(OPs)     StdDev    Mean(s) Test# #Tasks tPN reps fPP reord reordoff reordrand seed segcnt blksiz xsize aggsize API RefNum
write         111.81     111.81     111.81       0.00      22.36      22.36      22.36       0.00  183.16166 0 1 1 1 0 0 1 0 0 1 21474836480 5242880 21474836480 POSIX 0

Finished: Tue May 29 17:26:10 2018
