IOR-3.1.0: MPI Coordinated Test of Parallel I/O

Began: Tue May 29 19:02:51 2018
Command line used: /home/alty/ior-icc/bin/ior -a POSIX -w -B -t 1m -b 20g -o /tmp/testFile
Machine: Linux athena14

Test 0 started: Tue May 29 19:02:51 2018
Summary:
	api                = POSIX
	test filename      = /tmp/testFile
	access             = single-shared-file
	ordering in a file = sequential offsets
	ordering inter file= no tasks offsets
	clients            = 1 (1 per node)
	repetitions        = 1
	xfersize           = 1 MiB
	blocksize          = 20 GiB
	aggregate filesize = 20 GiB

access    bw(MiB/s)  block(KiB) xfer(KiB)  open(s)    wr/rd(s)   close(s)   total(s)   iter
------    ---------  ---------- ---------  --------   --------   --------   --------   ----
write     61.63      20971520   1024.00    0.000086   332.28     0.000028   332.28     0   
remove    -          -          -          -          -          -          0.000199   0   

Max Write: 61.63 MiB/sec (64.63 MB/sec)

Summary of all tests:
Operation   Max(MiB)   Min(MiB)  Mean(MiB)     StdDev   Max(OPs)   Min(OPs)  Mean(OPs)     StdDev    Mean(s) Test# #Tasks tPN reps fPP reord reordoff reordrand seed segcnt blksiz xsize aggsize API RefNum
write          61.63      61.63      61.63       0.00      61.63      61.63      61.63       0.00  332.28377 0 1 1 1 0 0 1 0 0 1 21474836480 1048576 21474836480 POSIX 0

Finished: Tue May 29 19:08:23 2018
