IOR-3.1.0: MPI Coordinated Test of Parallel I/O

Began: Mon May 28 23:13:41 2018
Command line used: /home/alty/ior-icc/bin/ior -a POSIX -w -B -t 5m -b 20g -o /tmp/testFile
Machine: Linux athena02

Test 0 started: Mon May 28 23:13:41 2018
Summary:
	api                = POSIX
	test filename      = /tmp/testFile
	access             = single-shared-file
	ordering in a file = sequential offsets
	ordering inter file= no tasks offsets
	clients            = 1 (1 per node)
	repetitions        = 1
	xfersize           = 5 MiB
	blocksize          = 20 GiB
	aggregate filesize = 20 GiB

access    bw(MiB/s)  block(KiB) xfer(KiB)  open(s)    wr/rd(s)   close(s)   total(s)   iter
------    ---------  ---------- ---------  --------   --------   --------   --------   ----
write     111.87     20971520   5120       0.000085   183.07     0.000077   183.07     0   
remove    -          -          -          -          -          -          0.000195   0   

Max Write: 111.87 MiB/sec (117.30 MB/sec)

Summary of all tests:
Operation   Max(MiB)   Min(MiB)  Mean(MiB)     StdDev   Max(OPs)   Min(OPs)  Mean(OPs)     StdDev    Mean(s) Test# #Tasks tPN reps fPP reord reordoff reordrand seed segcnt blksiz xsize aggsize API RefNum
write         111.87     111.87     111.87       0.00      22.37      22.37      22.37       0.00  183.06961 0 1 1 1 0 0 1 0 0 1 21474836480 5242880 21474836480 POSIX 0

Finished: Mon May 28 23:16:44 2018
