IOR-3.1.0: MPI Coordinated Test of Parallel I/O

Began: Tue May 29 18:12:52 2018
Command line used: /home/alty/ior-icc/bin/ior -a POSIX -w -B -t 10m -b 10g -o /tmp/testFile
Machine: Linux athena03

Test 0 started: Tue May 29 18:12:52 2018
Summary:
	api                = POSIX
	test filename      = /tmp/testFile
	access             = single-shared-file
	ordering in a file = sequential offsets
	ordering inter file= no tasks offsets
	clients            = 1 (1 per node)
	repetitions        = 1
	xfersize           = 10 MiB
	blocksize          = 10 GiB
	aggregate filesize = 10 GiB

access    bw(MiB/s)  block(KiB) xfer(KiB)  open(s)    wr/rd(s)   close(s)   total(s)   iter
------    ---------  ---------- ---------  --------   --------   --------   --------   ----
write     94.94      10485760   10240      0.000081   107.86     0.000013   107.86     0   
remove    -          -          -          -          -          -          0.000179   0   

Max Write: 94.94 MiB/sec (99.55 MB/sec)

Summary of all tests:
Operation   Max(MiB)   Min(MiB)  Mean(MiB)     StdDev   Max(OPs)   Min(OPs)  Mean(OPs)     StdDev    Mean(s) Test# #Tasks tPN reps fPP reord reordoff reordrand seed segcnt blksiz xsize aggsize API RefNum
write          94.94      94.94      94.94       0.00       9.49       9.49       9.49       0.00  107.86197 0 1 1 1 0 0 1 0 0 1 10737418240 10485760 10737418240 POSIX 0

Finished: Tue May 29 18:14:40 2018
