IOR-3.1.0: MPI Coordinated Test of Parallel I/O

Began: Mon May 28 23:37:51 2018
Command line used: /home/alty/ior-icc/bin/ior -a POSIX -w -B -t 5m -b 10g -o /tmp/testFile
Machine: Linux athena04

Test 0 started: Mon May 28 23:37:51 2018
Summary:
	api                = POSIX
	test filename      = /tmp/testFile
	access             = single-shared-file
	ordering in a file = sequential offsets
	ordering inter file= no tasks offsets
	clients            = 1 (1 per node)
	repetitions        = 1
	xfersize           = 5 MiB
	blocksize          = 10 GiB
	aggregate filesize = 10 GiB

access    bw(MiB/s)  block(KiB) xfer(KiB)  open(s)    wr/rd(s)   close(s)   total(s)   iter
------    ---------  ---------- ---------  --------   --------   --------   --------   ----
write     107.61     10485760   5120       0.000065   95.15      0.000012   95.15      0   
remove    -          -          -          -          -          -          0.000132   0   

Max Write: 107.61 MiB/sec (112.84 MB/sec)

Summary of all tests:
Operation   Max(MiB)   Min(MiB)  Mean(MiB)     StdDev   Max(OPs)   Min(OPs)  Mean(OPs)     StdDev    Mean(s) Test# #Tasks tPN reps fPP reord reordoff reordrand seed segcnt blksiz xsize aggsize API RefNum
write         107.61     107.61     107.61       0.00      21.52      21.52      21.52       0.00   95.15491 0 1 1 1 0 0 1 0 0 1 10737418240 5242880 10737418240 POSIX 0

Finished: Mon May 28 23:39:26 2018
