IOR-3.1.0: MPI Coordinated Test of Parallel I/O

Began: Tue May 29 18:02:53 2018
Command line used: /home/alty/ior-icc/bin/ior -a POSIX -w -B -t 5m -b 40g -o /tmp/testFile
Machine: Linux athena07

Test 0 started: Tue May 29 18:02:53 2018
Summary:
	api                = POSIX
	test filename      = /tmp/testFile
	access             = single-shared-file
	ordering in a file = sequential offsets
	ordering inter file= no tasks offsets
	clients            = 1 (1 per node)
	repetitions        = 1
	xfersize           = 5 MiB
	blocksize          = 40 GiB
	aggregate filesize = 40 GiB

access    bw(MiB/s)  block(KiB) xfer(KiB)  open(s)    wr/rd(s)   close(s)   total(s)   iter
------    ---------  ---------- ---------  --------   --------   --------   --------   ----
write     26.73      41943040   5120       0.000089   1532.51    0.000030   1532.51    0   
remove    -          -          -          -          -          -          0.000638   0   

Max Write: 26.73 MiB/sec (28.03 MB/sec)

Summary of all tests:
Operation   Max(MiB)   Min(MiB)  Mean(MiB)     StdDev   Max(OPs)   Min(OPs)  Mean(OPs)     StdDev    Mean(s) Test# #Tasks tPN reps fPP reord reordoff reordrand seed segcnt blksiz xsize aggsize API RefNum
write          26.73      26.73      26.73       0.00       5.35       5.35       5.35       0.00 1532.51426 0 1 1 1 0 0 1 0 0 1 42949672960 5242880 42949672960 POSIX 0

Finished: Tue May 29 18:28:26 2018
