IOR-3.1.0: MPI Coordinated Test of Parallel I/O

Began: Mon May 28 22:50:17 2018
Command line used: /home/alty/ior-icc/bin/ior -a POSIX -w -B -t 1m -b 20g -o /tmp/testFile
Machine: Linux athena04

Test 0 started: Mon May 28 22:50:17 2018
Summary:
	api                = POSIX
	test filename      = /tmp/testFile
	access             = single-shared-file
	ordering in a file = sequential offsets
	ordering inter file= no tasks offsets
	clients            = 1 (1 per node)
	repetitions        = 1
	xfersize           = 1 MiB
	blocksize          = 20 GiB
	aggregate filesize = 20 GiB

access    bw(MiB/s)  block(KiB) xfer(KiB)  open(s)    wr/rd(s)   close(s)   total(s)   iter
------    ---------  ---------- ---------  --------   --------   --------   --------   ----
write     107.16     20971520   1024.00    0.000059   191.11     0.000028   191.11     0   
remove    -          -          -          -          -          -          0.000177   0   

Max Write: 107.16 MiB/sec (112.37 MB/sec)

Summary of all tests:
Operation   Max(MiB)   Min(MiB)  Mean(MiB)     StdDev   Max(OPs)   Min(OPs)  Mean(OPs)     StdDev    Mean(s) Test# #Tasks tPN reps fPP reord reordoff reordrand seed segcnt blksiz xsize aggsize API RefNum
write         107.16     107.16     107.16       0.00     107.16     107.16     107.16       0.00  191.10757 0 1 1 1 0 0 1 0 0 1 21474836480 1048576 21474836480 POSIX 0

Finished: Mon May 28 22:53:28 2018
