IOR-3.1.0: MPI Coordinated Test of Parallel I/O

Began: Tue May 29 19:30:00 2018
Command line used: /home/alty/ior-icc/bin/ior -a POSIX -w -B -t 10m -b 30g -o /tmp/testFile
Machine: Linux athena13

Test 0 started: Tue May 29 19:30:00 2018
Summary:
	api                = POSIX
	test filename      = /tmp/testFile
	access             = single-shared-file
	ordering in a file = sequential offsets
	ordering inter file= no tasks offsets
	clients            = 1 (1 per node)
	repetitions        = 1
	xfersize           = 10 MiB
	blocksize          = 30 GiB
	aggregate filesize = 30 GiB

access    bw(MiB/s)  block(KiB) xfer(KiB)  open(s)    wr/rd(s)   close(s)   total(s)   iter
------    ---------  ---------- ---------  --------   --------   --------   --------   ----
write     79.89      31457280   10240      0.000082   384.52     0.000074   384.52     0   
remove    -          -          -          -          -          -          0.000223   0   

Max Write: 79.89 MiB/sec (83.77 MB/sec)

Summary of all tests:
Operation   Max(MiB)   Min(MiB)  Mean(MiB)     StdDev   Max(OPs)   Min(OPs)  Mean(OPs)     StdDev    Mean(s) Test# #Tasks tPN reps fPP reord reordoff reordrand seed segcnt blksiz xsize aggsize API RefNum
write          79.89      79.89      79.89       0.00       7.99       7.99       7.99       0.00  384.51730 0 1 1 1 0 0 1 0 0 1 32212254720 10485760 32212254720 POSIX 0

Finished: Tue May 29 19:36:24 2018
